<?xml version="1.0" encoding="UTF-8"?>
<!-- Generated by org.testng.reporters.JUnitReportReporter -->
<testsuite hostname="DESKTOP-U8OVTS4" failures="0" tests="1" name="OurFirstTest" time="0.000" errors="0" timestamp="2020-09-06T10:52:06 CEST" skipped="0">
  <testcase classname="OurFirstTest" name="sayHallo" time="0.000"/>
  <system-out/>
</testsuite> <!-- OurFirstTest -->
